<?xml version="1.0" encoding="UTF-8"?>
<!-- Generated by org.testng.reporters.JUnitXMLReporter -->
<testsuite hostname="Admin-PC" ignored="0" name="Endpoints" tests="5" failures="1" timestamp="04 Jun 2017 17:24:02 GMT" time="39.698" errors="0">
  <testcase name="verifyStatusCode200" time="21.667" classname="endpoints.hotel.Get_Hotels_By_City"/>
  <testcase name="verifyResponseSLA" time="13.083" classname="endpoints.hotel.Get_Hotels_By_City">
    <failure type="java.lang.AssertionError" message="Response time more than expected 12000 expected [true] but found [false]">
      <![CDATA[java.lang.AssertionError: Response time more than expected 12000 expected [true] but found [false]
	at endpoints.hotel.Get_Hotels_By_City.verifyResponseSLA(Get_Hotels_By_City.java:65)
... Removed 28 stack frames]]>
    </failure>
  </testcase> <!-- verifyResponseSLA -->
  <testcase name="verifyBusAvailability" time="1.18" classname="endpoints.bus.BusSearch"/>
  <testcase name="verifyBusAvailability" time="1.526" classname="endpoints.bus.BusSearch"/>
  <testcase name="verifyBusAvailability" time="1.326" classname="endpoints.bus.BusSearch"/>
</testsuite> <!-- Endpoints -->
