<?xml version="1.0" encoding="UTF-8"?>
<!-- Generated by org.testng.reporters.JUnitXMLReporter -->
<testsuite hostname="Admin-PC" ignored="0" name="Endpoints" tests="6" failures="0" timestamp="04 Jun 2017 22:57:21 GMT" time="39.157" errors="0">
  <testcase name="getHotelByCity_verifyStatusCode200" time="24.005" classname="endpoints.hotel.Get_Hotels_By_City"/>
  <testcase name="getHotelByCity_verifyResponseSLA" time="8.719" classname="endpoints.hotel.Get_Hotels_By_City"/>
  <testcase name="busSearch_verifyBusAvailability" time="1.262" classname="endpoints.bus.BusSearch"/>
  <testcase name="busSearch_verifyBusAvailability" time="1.585" classname="endpoints.bus.BusSearch"/>
  <testcase name="busSearch_verifyBusAvailability" time="1.356" classname="endpoints.bus.BusSearch"/>
  <testcase name="busSearch_verifyBusSearchFunctionality" time="1.375" classname="endpoints.bus.BusSearch"/>
</testsuite> <!-- Endpoints -->
