<?xml version="1.0" encoding="UTF-8"?>
<!-- Generated by org.testng.reporters.JUnitXMLReporter -->
<testsuite hostname="Admin-PC" ignored="0" name="Hotel Endpoints" tests="3" failures="0" timestamp="04 Jun 2017 00:07:39 GMT" time="42.094" errors="0">
  <testcase name="verifyStatusCode200" time="27.761" classname="endpoints.hotel.Get_Hotels_By_City"/>
  <testcase name="verifyResponseSLA" time="11.046" classname="endpoints.hotel.Get_Hotels_By_City"/>
  <testcase name="verifyBusAvailability" time="3.266" classname="endpoints.bus.BusSearch"/>
</testsuite> <!-- Hotel Endpoints -->
