<?xml version="1.0" encoding="UTF-8"?>
<testng-results skipped="0" failed="0" ignored="0" total="6" passed="6">
  <reporter-output>
    <line>
      <![CDATA[Test started running:getHotelByCity_verifyStatusCode200]]>
    </line>
    <line>
      <![CDATA[Test started running:getHotelByCity_verifyResponseSLA]]>
    </line>
    <line>
      <![CDATA[Test started running:busSearch_verifyBusAvailability]]>
    </line>
    <line>
      <![CDATA[Test started running:busSearch_verifyBusAvailability]]>
    </line>
    <line>
      <![CDATA[Test started running:busSearch_verifyBusAvailability]]>
    </line>
    <line>
      <![CDATA[Test started running:busSearch_verifyBusSearchFunctionality]]>
    </line>
  </reporter-output>
  <suite name="Goibibo API Test Suite" duration-ms="39157" started-at="2017-06-04T22:56:42Z" finished-at="2017-06-04T22:57:21Z">
    <groups>
    </groups>
    <test name="Endpoints" duration-ms="39157" started-at="2017-06-04T22:56:42Z" finished-at="2017-06-04T22:57:21Z">
      <class name="endpoints.hotel.Get_Hotels_By_City">
        <test-method status="PASS" signature="setEndpoint()[pri:0, instance:endpoints.hotel.Get_Hotels_By_City@5bcab519]" name="setEndpoint" is-config="true" duration-ms="0" started-at="2017-06-04T18:56:42Z" finished-at="2017-06-04T18:56:42Z">
          <reporter-output>
          </reporter-output>
        </test-method> <!-- setEndpoint -->
        <test-method status="PASS" signature="getHotelByCity_verifyStatusCode200(java.lang.String)[pri:0, instance:endpoints.hotel.Get_Hotels_By_City@5bcab519]" name="getHotelByCity_verifyStatusCode200" duration-ms="24005" started-at="2017-06-04T18:56:42Z" finished-at="2017-06-04T18:57:06Z">
          <params>
            <param index="0">
              <value>
                <![CDATA[6771549831164675055]]>
              </value>
            </param>
          </params>
          <reporter-output>
            <line>
              <![CDATA[Test started running:getHotelByCity_verifyStatusCode200]]>
            </line>
          </reporter-output>
        </test-method> <!-- getHotelByCity_verifyStatusCode200 -->
        <test-method status="PASS" signature="getHotelByCity_verifyResponseSLA(java.lang.String, int)[pri:0, instance:endpoints.hotel.Get_Hotels_By_City@5bcab519]" name="getHotelByCity_verifyResponseSLA" duration-ms="8719" started-at="2017-06-04T18:57:06Z" depends-on-methods="endpoints.hotel.Get_Hotels_By_City.getHotelByCity_verifyStatusCode200" finished-at="2017-06-04T18:57:15Z">
          <params>
            <param index="0">
              <value>
                <![CDATA[6771549831164675055]]>
              </value>
            </param>
            <param index="1">
              <value>
                <![CDATA[12000]]>
              </value>
            </param>
          </params>
          <reporter-output>
            <line>
              <![CDATA[Test started running:getHotelByCity_verifyResponseSLA]]>
            </line>
          </reporter-output>
        </test-method> <!-- getHotelByCity_verifyResponseSLA -->
      </class> <!-- endpoints.hotel.Get_Hotels_By_City -->
      <class name="endpoints.bus.BusSearch">
        <test-method status="PASS" signature="setup()[pri:0, instance:endpoints.bus.BusSearch@e45f292]" name="setup" is-config="true" duration-ms="490" started-at="2017-06-04T18:56:42Z" finished-at="2017-06-04T18:56:42Z">
          <reporter-output>
          </reporter-output>
        </test-method> <!-- setup -->
        <test-method status="PASS" signature="setup()[pri:0, instance:endpoints.hotel.Get_Hotels_By_City@5bcab519]" name="setup" is-config="true" duration-ms="2" started-at="2017-06-04T18:56:42Z" finished-at="2017-06-04T18:56:42Z">
          <reporter-output>
          </reporter-output>
        </test-method> <!-- setup -->
        <test-method status="PASS" signature="setEndpoint()[pri:0, instance:endpoints.bus.BusSearch@e45f292]" name="setEndpoint" is-config="true" duration-ms="0" started-at="2017-06-04T18:57:15Z" finished-at="2017-06-04T18:57:15Z">
          <reporter-output>
          </reporter-output>
        </test-method> <!-- setEndpoint -->
        <test-method status="PASS" signature="busSearch_verifyBusAvailability(java.lang.String, java.lang.String, java.lang.String, java.lang.String, java.lang.String, java.lang.String)[pri:0, instance:endpoints.bus.BusSearch@e45f292]" name="busSearch_verifyBusAvailability" duration-ms="1262" started-at="2017-06-04T18:57:16Z" data-provider="BusSearch_Data" finished-at="2017-06-04T18:57:17Z">
          <params>
            <param index="0">
              <value>
                <![CDATA[json]]>
              </value>
            </param>
            <param index="1">
              <value>
                <![CDATA[bangalore]]>
              </value>
            </param>
            <param index="2">
              <value>
                <![CDATA[mumbai]]>
              </value>
            </param>
            <param index="3">
              <value>
                <![CDATA[20170603]]>
              </value>
            </param>
            <param index="4">
              <value>
                <![CDATA[20170603]]>
              </value>
            </param>
            <param index="5">
              <value>
                <![CDATA[Error]]>
              </value>
            </param>
          </params>
          <reporter-output>
            <line>
              <![CDATA[Test started running:busSearch_verifyBusAvailability]]>
            </line>
          </reporter-output>
        </test-method> <!-- busSearch_verifyBusAvailability -->
        <test-method status="PASS" signature="busSearch_verifyBusAvailability(java.lang.String, java.lang.String, java.lang.String, java.lang.String, java.lang.String, java.lang.String)[pri:0, instance:endpoints.bus.BusSearch@e45f292]" name="busSearch_verifyBusAvailability" duration-ms="1585" started-at="2017-06-04T18:57:17Z" data-provider="BusSearch_Data" finished-at="2017-06-04T18:57:18Z">
          <params>
            <param index="0">
              <value>
                <![CDATA[json]]>
              </value>
            </param>
            <param index="1">
              <value>
                <![CDATA[hyderabad]]>
              </value>
            </param>
            <param index="2">
              <value>
                <![CDATA[mumbai]]>
              </value>
            </param>
            <param index="3">
              <value>
                <![CDATA[20170608]]>
              </value>
            </param>
            <param index="4">
              <value>
                <![CDATA[20170610]]>
              </value>
            </param>
            <param index="5">
              <value>
                <![CDATA[2]]>
              </value>
            </param>
          </params>
          <reporter-output>
            <line>
              <![CDATA[Test started running:busSearch_verifyBusAvailability]]>
            </line>
          </reporter-output>
        </test-method> <!-- busSearch_verifyBusAvailability -->
        <test-method status="PASS" signature="busSearch_verifyBusAvailability(java.lang.String, java.lang.String, java.lang.String, java.lang.String, java.lang.String, java.lang.String)[pri:0, instance:endpoints.bus.BusSearch@e45f292]" name="busSearch_verifyBusAvailability" duration-ms="1356" started-at="2017-06-04T18:57:18Z" data-provider="BusSearch_Data" finished-at="2017-06-04T18:57:20Z">
          <params>
            <param index="0">
              <value>
                <![CDATA[json]]>
              </value>
            </param>
            <param index="1">
              <value>
                <![CDATA[mumbai]]>
              </value>
            </param>
            <param index="2">
              <value>
                <![CDATA[goa]]>
              </value>
            </param>
            <param index="3">
              <value>
                <![CDATA[20170608]]>
              </value>
            </param>
            <param index="4">
              <value>
                <![CDATA[20170610]]>
              </value>
            </param>
            <param index="5">
              <value>
                <![CDATA[2]]>
              </value>
            </param>
          </params>
          <reporter-output>
            <line>
              <![CDATA[Test started running:busSearch_verifyBusAvailability]]>
            </line>
          </reporter-output>
        </test-method> <!-- busSearch_verifyBusAvailability -->
        <test-method status="PASS" signature="busSearch_verifyBusSearchFunctionality()[pri:0, instance:endpoints.bus.BusSearch@e45f292]" name="busSearch_verifyBusSearchFunctionality" duration-ms="1375" started-at="2017-06-04T18:57:20Z" finished-at="2017-06-04T18:57:21Z">
          <reporter-output>
            <line>
              <![CDATA[Test started running:busSearch_verifyBusSearchFunctionality]]>
            </line>
          </reporter-output>
        </test-method> <!-- busSearch_verifyBusSearchFunctionality -->
      </class> <!-- endpoints.bus.BusSearch -->
    </test> <!-- Endpoints -->
  </suite> <!-- Goibibo API Test Suite -->
</testng-results>
