<?xml version="1.0" encoding="UTF-8"?>
<testng-results skipped="0" failed="1" ignored="0" total="5" passed="4">
  <reporter-output>
    <line>
      <![CDATA[Test started running:verifyStatusCode200]]>
    </line>
    <line>
      <![CDATA[Test started running:verifyResponseSLA]]>
    </line>
    <line>
      <![CDATA[verifyResponseSLA--Test method failed
]]>
    </line>
    <line>
      <![CDATA[Test started running:verifyBusAvailability]]>
    </line>
    <line>
      <![CDATA[Test started running:verifyBusAvailability]]>
    </line>
    <line>
      <![CDATA[Test started running:verifyBusAvailability]]>
    </line>
  </reporter-output>
  <suite name="Goibibo API Test Suite" duration-ms="39698" started-at="2017-06-04T17:23:22Z" finished-at="2017-06-04T17:24:02Z">
    <groups>
    </groups>
    <test name="Endpoints" duration-ms="39698" started-at="2017-06-04T17:23:22Z" finished-at="2017-06-04T17:24:02Z">
      <class name="endpoints.hotel.Get_Hotels_By_City">
        <test-method status="PASS" signature="setEndpoint()[pri:0, instance:endpoints.hotel.Get_Hotels_By_City@5700d6b1]" name="setEndpoint" is-config="true" duration-ms="0" started-at="2017-06-04T13:23:22Z" finished-at="2017-06-04T13:23:22Z">
          <reporter-output>
          </reporter-output>
        </test-method> <!-- setEndpoint -->
        <test-method status="PASS" signature="verifyStatusCode200(java.lang.String)[pri:0, instance:endpoints.hotel.Get_Hotels_By_City@5700d6b1]" name="verifyStatusCode200" duration-ms="21667" started-at="2017-06-04T13:23:22Z" finished-at="2017-06-04T13:23:44Z">
          <params>
            <param index="0">
              <value>
                <![CDATA[6771549831164675055]]>
              </value>
            </param>
          </params>
          <reporter-output>
            <line>
              <![CDATA[Test started running:verifyStatusCode200]]>
            </line>
          </reporter-output>
        </test-method> <!-- verifyStatusCode200 -->
        <test-method status="FAIL" signature="verifyResponseSLA(java.lang.String, int)[pri:0, instance:endpoints.hotel.Get_Hotels_By_City@5700d6b1]" name="verifyResponseSLA" duration-ms="13083" started-at="2017-06-04T13:23:44Z" depends-on-methods="endpoints.hotel.Get_Hotels_By_City.verifyStatusCode200" finished-at="2017-06-04T13:23:57Z">
          <params>
            <param index="0">
              <value>
                <![CDATA[6771549831164675055]]>
              </value>
            </param>
            <param index="1">
              <value>
                <![CDATA[12000]]>
              </value>
            </param>
          </params>
          <exception class="java.lang.AssertionError">
            <message>
              <![CDATA[Response time more than expected 12000 expected [true] but found [false]]]>
            </message>
            <full-stacktrace>
              <![CDATA[java.lang.AssertionError: Response time more than expected 12000 expected [true] but found [false]
	at org.testng.Assert.fail(Assert.java:93)
	at org.testng.Assert.failNotEquals(Assert.java:512)
	at org.testng.Assert.assertTrue(Assert.java:41)
	at endpoints.hotel.Get_Hotels_By_City.verifyResponseSLA(Get_Hotels_By_City.java:65)
	at sun.reflect.NativeMethodAccessorImpl.invoke0(Native Method)
	at sun.reflect.NativeMethodAccessorImpl.invoke(NativeMethodAccessorImpl.java:62)
	at sun.reflect.DelegatingMethodAccessorImpl.invoke(DelegatingMethodAccessorImpl.java:43)
	at java.lang.reflect.Method.invoke(Method.java:498)
	at org.testng.internal.MethodInvocationHelper.invokeMethod(MethodInvocationHelper.java:108)
	at org.testng.internal.Invoker.invokeMethod(Invoker.java:661)
	at org.testng.internal.Invoker.invokeTestMethod(Invoker.java:869)
	at org.testng.internal.Invoker.invokeTestMethods(Invoker.java:1193)
	at org.testng.internal.TestMethodWorker.invokeTestMethods(TestMethodWorker.java:126)
	at org.testng.internal.TestMethodWorker.run(TestMethodWorker.java:109)
	at org.testng.TestRunner.privateRun(TestRunner.java:744)
	at org.testng.TestRunner.run(TestRunner.java:602)
	at org.testng.SuiteRunner.runTest(SuiteRunner.java:380)
	at org.testng.SuiteRunner.runSequentially(SuiteRunner.java:375)
	at org.testng.SuiteRunner.privateRun(SuiteRunner.java:340)
	at org.testng.SuiteRunner.run(SuiteRunner.java:289)
	at org.testng.SuiteRunnerWorker.runSuite(SuiteRunnerWorker.java:52)
	at org.testng.SuiteRunnerWorker.run(SuiteRunnerWorker.java:86)
	at org.testng.TestNG.runSuitesSequentially(TestNG.java:1301)
	at org.testng.TestNG.runSuitesLocally(TestNG.java:1226)
	at org.testng.TestNG.runSuites(TestNG.java:1144)
	at org.testng.TestNG.run(TestNG.java:1115)
	at org.testng.remote.AbstractRemoteTestNG.run(AbstractRemoteTestNG.java:132)
	at org.testng.remote.RemoteTestNG.initAndRun(RemoteTestNG.java:230)
	at org.testng.remote.RemoteTestNG.main(RemoteTestNG.java:76)
]]>
            </full-stacktrace>
          </exception> <!-- java.lang.AssertionError -->
          <reporter-output>
            <line>
              <![CDATA[Test started running:verifyResponseSLA]]>
            </line>
            <line>
              <![CDATA[verifyResponseSLA--Test method failed
]]>
            </line>
          </reporter-output>
        </test-method> <!-- verifyResponseSLA -->
      </class> <!-- endpoints.hotel.Get_Hotels_By_City -->
      <class name="endpoints.bus.BusSearch">
        <test-method status="PASS" signature="setup()[pri:0, instance:endpoints.bus.BusSearch@6fd02e5]" name="setup" is-config="true" duration-ms="462" started-at="2017-06-04T13:23:21Z" finished-at="2017-06-04T13:23:22Z">
          <reporter-output>
          </reporter-output>
        </test-method> <!-- setup -->
        <test-method status="PASS" signature="setup()[pri:0, instance:endpoints.hotel.Get_Hotels_By_City@5700d6b1]" name="setup" is-config="true" duration-ms="0" started-at="2017-06-04T13:23:22Z" finished-at="2017-06-04T13:23:22Z">
          <reporter-output>
          </reporter-output>
        </test-method> <!-- setup -->
        <test-method status="PASS" signature="setEndpoint()[pri:0, instance:endpoints.bus.BusSearch@6fd02e5]" name="setEndpoint" is-config="true" duration-ms="1" started-at="2017-06-04T13:23:57Z" finished-at="2017-06-04T13:23:57Z">
          <reporter-output>
          </reporter-output>
        </test-method> <!-- setEndpoint -->
        <test-method status="PASS" signature="verifyBusAvailability(java.lang.String, java.lang.String, java.lang.String, java.lang.String, java.lang.String, java.lang.String)[pri:0, instance:endpoints.bus.BusSearch@6fd02e5]" name="verifyBusAvailability" duration-ms="1180" started-at="2017-06-04T13:23:57Z" data-provider="BusSearch_Data" finished-at="2017-06-04T13:23:59Z">
          <params>
            <param index="0">
              <value>
                <![CDATA[json]]>
              </value>
            </param>
            <param index="1">
              <value>
                <![CDATA[bangalore]]>
              </value>
            </param>
            <param index="2">
              <value>
                <![CDATA[mumbai]]>
              </value>
            </param>
            <param index="3">
              <value>
                <![CDATA[20170603]]>
              </value>
            </param>
            <param index="4">
              <value>
                <![CDATA[20170603]]>
              </value>
            </param>
            <param index="5">
              <value>
                <![CDATA[Error]]>
              </value>
            </param>
          </params>
          <reporter-output>
            <line>
              <![CDATA[Test started running:verifyBusAvailability]]>
            </line>
          </reporter-output>
        </test-method> <!-- verifyBusAvailability -->
        <test-method status="PASS" signature="verifyBusAvailability(java.lang.String, java.lang.String, java.lang.String, java.lang.String, java.lang.String, java.lang.String)[pri:0, instance:endpoints.bus.BusSearch@6fd02e5]" name="verifyBusAvailability" duration-ms="1526" started-at="2017-06-04T13:23:59Z" data-provider="BusSearch_Data" finished-at="2017-06-04T13:24:00Z">
          <params>
            <param index="0">
              <value>
                <![CDATA[json]]>
              </value>
            </param>
            <param index="1">
              <value>
                <![CDATA[hyderabad]]>
              </value>
            </param>
            <param index="2">
              <value>
                <![CDATA[mumbai]]>
              </value>
            </param>
            <param index="3">
              <value>
                <![CDATA[20170608]]>
              </value>
            </param>
            <param index="4">
              <value>
                <![CDATA[20170610]]>
              </value>
            </param>
            <param index="5">
              <value>
                <![CDATA[2]]>
              </value>
            </param>
          </params>
          <reporter-output>
            <line>
              <![CDATA[Test started running:verifyBusAvailability]]>
            </line>
          </reporter-output>
        </test-method> <!-- verifyBusAvailability -->
        <test-method status="PASS" signature="verifyBusAvailability(java.lang.String, java.lang.String, java.lang.String, java.lang.String, java.lang.String, java.lang.String)[pri:0, instance:endpoints.bus.BusSearch@6fd02e5]" name="verifyBusAvailability" duration-ms="1326" started-at="2017-06-04T13:24:00Z" data-provider="BusSearch_Data" finished-at="2017-06-04T13:24:02Z">
          <params>
            <param index="0">
              <value>
                <![CDATA[json]]>
              </value>
            </param>
            <param index="1">
              <value>
                <![CDATA[mumbai]]>
              </value>
            </param>
            <param index="2">
              <value>
                <![CDATA[goa]]>
              </value>
            </param>
            <param index="3">
              <value>
                <![CDATA[20170608]]>
              </value>
            </param>
            <param index="4">
              <value>
                <![CDATA[20170610]]>
              </value>
            </param>
            <param index="5">
              <value>
                <![CDATA[2]]>
              </value>
            </param>
          </params>
          <reporter-output>
            <line>
              <![CDATA[Test started running:verifyBusAvailability]]>
            </line>
          </reporter-output>
        </test-method> <!-- verifyBusAvailability -->
      </class> <!-- endpoints.bus.BusSearch -->
    </test> <!-- Endpoints -->
  </suite> <!-- Goibibo API Test Suite -->
</testng-results>
