<?xml version="1.0" encoding="UTF-8"?>
<!-- Generated by org.testng.reporters.JUnitXMLReporter -->
<testsuite hostname="Admin-PC" ignored="0" name="Simple Logger test" tests="1" failures="1" timestamp="03 Jun 2017 03:30:01 GMT" time="2.217" errors="0">
  <testcase name="verifyStatusCode200_" time="2.194" classname="endpoints.user.GetRequestTest">
    <failure type="java.lang.AssertionError" message="expected [200] but found [404]">
      <![CDATA[java.lang.AssertionError: expected [200] but found [404]
	at endpoints.user.GetRequestTest.verifyStatusCode200_(GetRequestTest.java:29)
... Removed 31 stack frames]]>
    </failure>
  </testcase> <!-- verifyStatusCode200_ -->
</testsuite> <!-- Simple Logger test -->
